2011-04-15 10:56:33[WARN] N+1 Query detected
  Profile => [:user]
  Add to your finder: :include => [:user]
N+1 Query method call stack
  /home/ptsadmin/gitrepoofbsg/bsg/current/app/views/admin/profiles/index.html.erb:16:in `_run_erb_app47views47admin47profiles47index46html46erb'
  /home/ptsadmin/gitrepoofbsg/bsg/current/app/views/admin/profiles/index.html.erb:14:in `each'
  /home/ptsadmin/gitrepoofbsg/bsg/current/app/views/admin/profiles/index.html.erb:14:in `_run_erb_app47views47admin47profiles47index46html46erb'
  /home/ptsadmin/gitrepoofbsg/bsg/current/app/helpers/application_helper.rb:61:in `blank_main_div'
  /home/ptsadmin/gitrepoofbsg/bsg/current/app/views/admin/profiles/index.html.erb:2:in `_run_erb_app47views47admin47profiles47index46html46erb'
  /home/ptsadmin/gitrepoofbsg/bsg/current/app/controllers/admin/profiles_controller.rb:11:in `index'2011-04-15 10:57:17[WARN] N+1 Query detected
  Message => [:author]
  Add to your finder: :include => [:author]
N+1 Query method call stack
  /home/ptsadmin/gitrepoofbsg/bsg/current/app/models/message_copy.rb:7:in `__send__'
  /home/ptsadmin/gitrepoofbsg/bsg/current/app/models/message_copy.rb:7:in `author'
  /home/ptsadmin/gitrepoofbsg/bsg/current/app/views/admin/mail/index.rhtml:206:in `_run_rhtml_app47views47admin47mail47index46rhtml'
  /home/ptsadmin/gitrepoofbsg/bsg/current/app/views/admin/mail/index.rhtml:197:in `each'
  /home/ptsadmin/gitrepoofbsg/bsg/current/app/views/admin/mail/index.rhtml:197:in `_run_rhtml_app47views47admin47mail47index46rhtml'
N+1 Query method call stack
  /home/ptsadmin/gitrepoofbsg/bsg/current/app/views/admin/mail/index.rhtml:206:in `_run_rhtml_app47views47admin47mail47index46rhtml'
  /home/ptsadmin/gitrepoofbsg/bsg/current/app/views/admin/mail/index.rhtml:197:in `each'
  /home/ptsadmin/gitrepoofbsg/bsg/current/app/views/admin/mail/index.rhtml:197:in `_run_rhtml_app47views47admin47mail47index46rhtml'2011-04-15 10:58:06[WARN] N+1 Query detected
  Profile => [:user]
  Add to your finder: :include => [:user]
N+1 Query method call stack
  /home/ptsadmin/gitrepoofbsg/bsg/current/app/views/admin/profiles/index.html.erb:16:in `_run_erb_app47views47admin47profiles47index46html46erb'
  /home/ptsadmin/gitrepoofbsg/bsg/current/app/views/admin/profiles/index.html.erb:14:in `each'
  /home/ptsadmin/gitrepoofbsg/bsg/current/app/views/admin/profiles/index.html.erb:14:in `_run_erb_app47views47admin47profiles47index46html46erb'
  /home/ptsadmin/gitrepoofbsg/bsg/current/app/helpers/application_helper.rb:61:in `blank_main_div'
  /home/ptsadmin/gitrepoofbsg/bsg/current/app/views/admin/profiles/index.html.erb:2:in `_run_erb_app47views47admin47profiles47index46html46erb'
  /home/ptsadmin/gitrepoofbsg/bsg/current/app/controllers/admin/profiles_controller.rb:11:in `index'2011-04-15 10:58:14[WARN] N+1 Query detected
  Message => [:author]
  Add to your finder: :include => [:author]
N+1 Query method call stack
  /home/ptsadmin/gitrepoofbsg/bsg/current/app/models/message_copy.rb:7:in `__send__'
  /home/ptsadmin/gitrepoofbsg/bsg/current/app/models/message_copy.rb:7:in `author'
  /home/ptsadmin/gitrepoofbsg/bsg/current/app/views/admin/mail/index.rhtml:206:in `_run_rhtml_app47views47admin47mail47index46rhtml'
  /home/ptsadmin/gitrepoofbsg/bsg/current/app/views/admin/mail/index.rhtml:197:in `each'
  /home/ptsadmin/gitrepoofbsg/bsg/current/app/views/admin/mail/index.rhtml:197:in `_run_rhtml_app47views47admin47mail47index46rhtml'
N+1 Query method call stack
  /home/ptsadmin/gitrepoofbsg/bsg/current/app/views/admin/mail/index.rhtml:206:in `_run_rhtml_app47views47admin47mail47index46rhtml'
  /home/ptsadmin/gitrepoofbsg/bsg/current/app/views/admin/mail/index.rhtml:197:in `each'
  /home/ptsadmin/gitrepoofbsg/bsg/current/app/views/admin/mail/index.rhtml:197:in `_run_rhtml_app47views47admin47mail47index46rhtml'2011-04-15 10:58:32[WARN] N+1 Query detected
  Message => [:author]
  Add to your finder: :include => [:author]
N+1 Query method call stack
  /home/ptsadmin/gitrepoofbsg/bsg/current/app/models/message_copy.rb:7:in `__send__'
  /home/ptsadmin/gitrepoofbsg/bsg/current/app/models/message_copy.rb:7:in `author'
  /home/ptsadmin/gitrepoofbsg/bsg/current/app/views/admin/mail/index.rhtml:206:in `_run_rhtml_app47views47admin47mail47index46rhtml'
  /home/ptsadmin/gitrepoofbsg/bsg/current/app/views/admin/mail/index.rhtml:197:in `each'
  /home/ptsadmin/gitrepoofbsg/bsg/current/app/views/admin/mail/index.rhtml:197:in `_run_rhtml_app47views47admin47mail47index46rhtml'
N+1 Query method call stack
  /home/ptsadmin/gitrepoofbsg/bsg/current/app/views/admin/mail/index.rhtml:206:in `_run_rhtml_app47views47admin47mail47index46rhtml'
  /home/ptsadmin/gitrepoofbsg/bsg/current/app/views/admin/mail/index.rhtml:197:in `each'
  /home/ptsadmin/gitrepoofbsg/bsg/current/app/views/admin/mail/index.rhtml:197:in `_run_rhtml_app47views47admin47mail47index46rhtml'2011-04-15 10:59:37[WARN] N+1 Query detected
  Message => [:author]
  Add to your finder: :include => [:author]
N+1 Query method call stack
  /home/ptsadmin/gitrepoofbsg/bsg/current/app/models/message_copy.rb:7:in `__send__'
  /home/ptsadmin/gitrepoofbsg/bsg/current/app/models/message_copy.rb:7:in `author'
  /home/ptsadmin/gitrepoofbsg/bsg/current/app/views/admin/mail/index.rhtml:206:in `_run_rhtml_app47views47admin47mail47index46rhtml'
  /home/ptsadmin/gitrepoofbsg/bsg/current/app/views/admin/mail/index.rhtml:197:in `each'
  /home/ptsadmin/gitrepoofbsg/bsg/current/app/views/admin/mail/index.rhtml:197:in `_run_rhtml_app47views47admin47mail47index46rhtml'
N+1 Query method call stack
  /home/ptsadmin/gitrepoofbsg/bsg/current/app/views/admin/mail/index.rhtml:206:in `_run_rhtml_app47views47admin47mail47index46rhtml'
  /home/ptsadmin/gitrepoofbsg/bsg/current/app/views/admin/mail/index.rhtml:197:in `each'
  /home/ptsadmin/gitrepoofbsg/bsg/current/app/views/admin/mail/index.rhtml:197:in `_run_rhtml_app47views47admin47mail47index46rhtml'2011-04-15 10:59:45[WARN] N+1 Query detected
  Message => [:author]
  Add to your finder: :include => [:author]
N+1 Query method call stack
  /home/ptsadmin/gitrepoofbsg/bsg/current/app/models/message_copy.rb:7:in `__send__'
  /home/ptsadmin/gitrepoofbsg/bsg/current/app/models/message_copy.rb:7:in `author'
  /home/ptsadmin/gitrepoofbsg/bsg/current/app/views/admin/mail/_inbox_messages.rhtml:31:in `_run_rhtml_app47views47admin47mail47_inbox_messages46rhtml_locals_inbox_messages_object'
  /home/ptsadmin/gitrepoofbsg/bsg/current/app/views/admin/mail/_inbox_messages.rhtml:22:in `each'
  /home/ptsadmin/gitrepoofbsg/bsg/current/app/views/admin/mail/_inbox_messages.rhtml:22:in `_run_rhtml_app47views47admin47mail47_inbox_messages46rhtml_locals_inbox_messages_object'
  /home/ptsadmin/gitrepoofbsg/bsg/current/app/controllers/admin/mail_controller.rb:13:in `index'
  /home/ptsadmin/gitrepoofbsg/bsg/current/app/controllers/admin/mail_controller.rb:12:in `index'
N+1 Query method call stack
  /home/ptsadmin/gitrepoofbsg/bsg/current/app/views/admin/mail/_inbox_messages.rhtml:31:in `_run_rhtml_app47views47admin47mail47_inbox_messages46rhtml_locals_inbox_messages_object'
  /home/ptsadmin/gitrepoofbsg/bsg/current/app/views/admin/mail/_inbox_messages.rhtml:22:in `each'
  /home/ptsadmin/gitrepoofbsg/bsg/current/app/views/admin/mail/_inbox_messages.rhtml:22:in `_run_rhtml_app47views47admin47mail47_inbox_messages46rhtml_locals_inbox_messages_object'
  /home/ptsadmin/gitrepoofbsg/bsg/current/app/controllers/admin/mail_controller.rb:13:in `index'
  /home/ptsadmin/gitrepoofbsg/bsg/current/app/controllers/admin/mail_controller.rb:12:in `index'2011-04-15 10:59:49[WARN] N+1 Query detected
  Message => [:author]
  Add to your finder: :include => [:author]
N+1 Query method call stack
  /home/ptsadmin/gitrepoofbsg/bsg/current/app/models/message_copy.rb:7:in `__send__'
  /home/ptsadmin/gitrepoofbsg/bsg/current/app/models/message_copy.rb:7:in `author'
  /home/ptsadmin/gitrepoofbsg/bsg/current/app/views/admin/mail/_inbox_messages.rhtml:31:in `_run_rhtml_app47views47admin47mail47_inbox_messages46rhtml_locals_inbox_messages_object'
  /home/ptsadmin/gitrepoofbsg/bsg/current/app/views/admin/mail/_inbox_messages.rhtml:22:in `each'
  /home/ptsadmin/gitrepoofbsg/bsg/current/app/views/admin/mail/_inbox_messages.rhtml:22:in `_run_rhtml_app47views47admin47mail47_inbox_messages46rhtml_locals_inbox_messages_object'
  /home/ptsadmin/gitrepoofbsg/bsg/current/app/controllers/admin/mail_controller.rb:13:in `index'
  /home/ptsadmin/gitrepoofbsg/bsg/current/app/controllers/admin/mail_controller.rb:12:in `index'
N+1 Query method call stack
  /home/ptsadmin/gitrepoofbsg/bsg/current/app/views/admin/mail/_inbox_messages.rhtml:31:in `_run_rhtml_app47views47admin47mail47_inbox_messages46rhtml_locals_inbox_messages_object'
  /home/ptsadmin/gitrepoofbsg/bsg/current/app/views/admin/mail/_inbox_messages.rhtml:22:in `each'
  /home/ptsadmin/gitrepoofbsg/bsg/current/app/views/admin/mail/_inbox_messages.rhtml:22:in `_run_rhtml_app47views47admin47mail47_inbox_messages46rhtml_locals_inbox_messages_object'
  /home/ptsadmin/gitrepoofbsg/bsg/current/app/controllers/admin/mail_controller.rb:13:in `index'
  /home/ptsadmin/gitrepoofbsg/bsg/current/app/controllers/admin/mail_controller.rb:12:in `index'2011-04-15 11:07:45[WARN] N+1 Query detected
  Profile => [:user]
  Add to your finder: :include => [:user]
N+1 Query method call stack2011-04-15 11:07:45[WARN] N+1 Query detected
  ExhibitionsUser => [:user]
  Add to your finder: :include => [:user]
N+1 Query method call stack2011-04-15 11:07:45[WARN] N+1 Query detected
  Exhibition => [:artworks]
  Add to your finder: :include => [:artworks]
N+1 Query method call stack2011-04-15 11:07:50[WARN] N+1 Query detected
  Competition => [:timing]
  Add to your finder: :include => [:timing]
N+1 Query method call stack2011-04-15 11:07:50[WARN] Unused Eager Loading detected
  CompetitionsUser => ["artworks_competitions"]
  Remove from your finder: :include => [:artworks_competitions]2011-04-15 11:07:50[WARN] N+1 Query detected
  CompetitionsUser => [:artworks_competitions]
  Add to your finder: :include => [:artworks_competitions]
N+1 Query method call stack